+-------------------------------------------------------------------------+
| NKSS: PL/SQL Simple Scheduler                                           |
+-------------------------------------------------------------------------+
| (c) Copyright 2017 Geraldo Viana (r4vrya@gmail.com)                     |
|                                                                         |
| Licensed under the Apache License, Version 2.0 (the "License"):         |
| you may not use this file except in compliance with the License.        |
| You may obtain a copy of the License at                                 |
|                                                                         |
|     http://www.apache.org/licenses/LICENSE-2.0                          |
|                                                                         |
| Unless required by applicable law or agreed to in writing, software     |
| distributed under the License is distributed on an "AS IS" BASIS,       |
| WITHOUT WARRANTIES OR CONDITIONS OF ANY KIND, either express or implied.|
| See the License for the specific language governing permissions and     |
| limitations under the License.                                          |
+-------------------------------------------------------------------------+
| SQL> @nkss-uninstall.sql                                                |
+-------------------------------------------------------------------------+
+-------------------------------------------------------------------------+
| NKSS: Start of script                                                   |
+-------------------------------------------------------------------------+
+-------------------------------------------------------------------------+
| NKSS: DROP DBMS_SCHEDULER Program                                       |
+-------------------------------------------------------------------------+
+-------------------------------------------------------------------------+
| NKSS: Dropping tables ...                                               |
+-------------------------------------------------------------------------+
Dropping table: NKSS_TASKLIST ...
Dropping table: NKSS_TASKSET ...
+-------------------------------------------------------------------------+
| NKSS: Dropping sequences ...                                            |
+-------------------------------------------------------------------------+
Dropping sequence: NKSS_TASKSET_S ...
Dropping sequence: NKSS_TASKLIST_S ...
+-------------------------------------------------------------------------+
| NKSS: Dropping packages ...                                             |
+-------------------------------------------------------------------------+
Dropping Package: NKSS_MANAGER ...
Dropping Package: NKSS_TASKLIST_DML ...
Dropping Package: NKSS_TASKSET_DML ...
Dropping Package: NKSS_WORKER ...
+-------------------------------------------------------------------------+
| NKSS: End of Script                                                     |
+-------------------------------------------------------------------------+
